INFO  19:08:21,982 - Kompajliranje ulaznog fajla test\program.mj
INFO  19:08:22,067 - #2 program
INFO  19:08:22,067 - #51 test301
INFO  19:08:22,068 - #23 const
INFO  19:08:22,069 - #51 int
INFO  19:08:22,070 - #51 nula
INFO  19:08:22,070 - #8 =
INFO  19:08:22,071 - #48 0
INFO  19:08:22,071 - #5 ;
INFO  19:08:22,072 - #23 const
INFO  19:08:22,073 - #51 int
INFO  19:08:22,074 - #51 jedan
INFO  19:08:22,074 - #8 =
INFO  19:08:22,074 - #48 1
INFO  19:08:22,074 - #5 ;
INFO  19:08:22,074 - #23 const
INFO  19:08:22,074 - #51 int
INFO  19:08:22,074 - #51 tri
INFO  19:08:22,075 - #8 =
INFO  19:08:22,075 - #48 3
INFO  19:08:22,075 - #5 ;
INFO  19:08:22,075 - #23 const
INFO  19:08:22,075 - #51 int
INFO  19:08:22,075 - #51 pet
INFO  19:08:22,076 - #8 =
INFO  19:08:22,076 - #48 5
INFO  19:08:22,076 - #5 ;
INFO  19:08:22,076 - #51 int
INFO  19:08:22,076 - #51 niz
INFO  19:08:22,077 - #21 [
INFO  19:08:22,077 - #22 ]
INFO  19:08:22,077 - #5 ;
INFO  19:08:22,078 - #51 char
INFO  19:08:22,079 - #51 nizch
INFO  19:08:22,079 - #21 [
INFO  19:08:22,079 - #22 ]
INFO  19:08:22,079 - #5 ;
INFO  19:08:22,079 - #3 {
INFO  19:08:22,080 - #18 void
INFO  19:08:22,080 - #51 main
INFO  19:08:22,080 - #6 (
INFO  19:08:22,080 - #7 )
INFO  19:08:22,082 - #51 int
INFO  19:08:22,083 - #51 bodovi
INFO  19:08:22,084 - #5 ;
INFO  19:08:22,084 - #51 bool
INFO  19:08:22,084 - #51 bt
INFO  19:08:22,084 - #5 ;
INFO  19:08:22,084 - #3 {
INFO  19:08:22,084 - #51 bodovi
INFO  19:08:22,085 - #8 =
INFO  19:08:22,085 - #48 0
INFO  19:08:22,087 - #5 ;
INFO  19:08:22,089 - #51 bodovi
INFO  19:08:22,089 - #28 ++
INFO  19:08:22,089 - #5 ;
INFO  19:08:22,089 - #51 bodovi
INFO  19:08:22,089 - #8 =
INFO  19:08:22,089 - #51 bodovi
INFO  19:08:22,089 - #12 *
INFO  19:08:22,090 - #51 pet
INFO  19:08:22,091 - #5 ;
INFO  19:08:22,091 - #51 bodovi
INFO  19:08:22,091 - #29 --
INFO  19:08:22,091 - #5 ;
INFO  19:08:22,092 - #16 print
INFO  19:08:22,092 - #6 (
INFO  19:08:22,092 - #51 bodovi
INFO  19:08:22,092 - #7 )
INFO  19:08:22,092 - #5 ;
INFO  19:08:22,092 - #51 niz
INFO  19:08:22,092 - #8 =
INFO  19:08:22,092 - #35 new
INFO  19:08:22,092 - #51 int
INFO  19:08:22,092 - #21 [
INFO  19:08:22,092 - #48 3
INFO  19:08:22,092 - #22 ]
INFO  19:08:22,093 - #5 ;
INFO  19:08:22,093 - #51 niz
INFO  19:08:22,093 - #21 [
INFO  19:08:22,093 - #51 nula
INFO  19:08:22,093 - #22 ]
INFO  19:08:22,093 - #8 =
INFO  19:08:22,093 - #51 jedan
INFO  19:08:22,093 - #5 ;
INFO  19:08:22,093 - #51 niz
INFO  19:08:22,093 - #21 [
INFO  19:08:22,094 - #48 1
INFO  19:08:22,094 - #22 ]
INFO  19:08:22,094 - #8 =
INFO  19:08:22,094 - #48 2
INFO  19:08:22,094 - #5 ;
INFO  19:08:22,094 - #51 bodovi
INFO  19:08:22,094 - #8 =
INFO  19:08:22,094 - #51 niz
INFO  19:08:22,094 - #21 [
INFO  19:08:22,094 - #48 2
INFO  19:08:22,094 - #22 ]
INFO  19:08:22,094 - #13 /
INFO  19:08:22,095 - #51 niz
INFO  19:08:22,095 - #21 [
INFO  19:08:22,095 - #48 0
INFO  19:08:22,096 - #22 ]
INFO  19:08:22,096 - #5 ;
INFO  19:08:22,096 - #16 print
INFO  19:08:22,096 - #6 (
INFO  19:08:22,096 - #51 bodovi
INFO  19:08:22,096 - #7 )
INFO  19:08:22,096 - #5 ;
INFO  19:08:22,096 - #16 print
INFO  19:08:22,096 - #6 (
INFO  19:08:22,096 - #51 niz
INFO  19:08:22,097 - #21 [
INFO  19:08:22,097 - #48 2
INFO  19:08:22,097 - #22 ]
INFO  19:08:22,097 - #7 )
INFO  19:08:22,097 - #5 ;
INFO  19:08:22,097 - #51 nizch
INFO  19:08:22,097 - #8 =
INFO  19:08:22,097 - #35 new
INFO  19:08:22,097 - #51 char
INFO  19:08:22,097 - #21 [
INFO  19:08:22,097 - #48 3
INFO  19:08:22,098 - #22 ]
INFO  19:08:22,098 - #5 ;
INFO  19:08:22,098 - #51 nizch
INFO  19:08:22,098 - #21 [
INFO  19:08:22,098 - #48 0
INFO  19:08:22,098 - #22 ]
INFO  19:08:22,098 - #8 =
INFO  19:08:22,098 - #49 a
INFO  19:08:22,098 - #5 ;
INFO  19:08:22,099 - #51 nizch
INFO  19:08:22,099 - #21 [
INFO  19:08:22,099 - #51 jedan
INFO  19:08:22,099 - #22 ]
INFO  19:08:22,099 - #8 =
INFO  19:08:22,099 - #49 b
INFO  19:08:22,099 - #5 ;
INFO  19:08:22,099 - #51 nizch
INFO  19:08:22,099 - #21 [
INFO  19:08:22,099 - #51 pet
INFO  19:08:22,099 - #11 -
INFO  19:08:22,099 - #48 3
INFO  19:08:22,101 - #22 ]
INFO  19:08:22,101 - #8 =
INFO  19:08:22,101 - #49 c
INFO  19:08:22,101 - #5 ;
INFO  19:08:22,102 - #16 print
INFO  19:08:22,102 - #6 (
INFO  19:08:22,102 - #51 nizch
INFO  19:08:22,102 - #21 [
INFO  19:08:22,102 - #48 1
INFO  19:08:22,102 - #22 ]
INFO  19:08:22,102 - #7 )
INFO  19:08:22,102 - #5 ;
INFO  19:08:22,102 - #16 print
INFO  19:08:22,102 - #6 (
INFO  19:08:22,102 - #51 nizch
INFO  19:08:22,102 - #21 [
INFO  19:08:22,102 - #51 jedan
INFO  19:08:22,102 - #12 *
INFO  19:08:22,102 - #48 2
INFO  19:08:22,103 - #22 ]
INFO  19:08:22,103 - #7 )
INFO  19:08:22,103 - #5 ;
INFO  19:08:22,103 - #51 bodovi
INFO  19:08:22,103 - #8 =
INFO  19:08:22,103 - #51 bodovi
INFO  19:08:22,103 - #10 +
INFO  19:08:22,103 - #6 (
INFO  19:08:22,104 - #51 pet
INFO  19:08:22,104 - #12 *
INFO  19:08:22,104 - #51 jedan
INFO  19:08:22,104 - #11 -
INFO  19:08:22,104 - #48 1
INFO  19:08:22,104 - #7 )
INFO  19:08:22,104 - #12 *
INFO  19:08:22,105 - #51 bodovi
INFO  19:08:22,105 - #11 -
INFO  19:08:22,105 - #6 (
INFO  19:08:22,105 - #48 3
INFO  19:08:22,105 - #14 %
INFO  19:08:22,105 - #48 2
INFO  19:08:22,106 - #10 +
INFO  19:08:22,106 - #48 3
INFO  19:08:22,106 - #12 *
INFO  19:08:22,106 - #48 2
INFO  19:08:22,106 - #11 -
INFO  19:08:22,106 - #48 3
INFO  19:08:22,106 - #7 )
INFO  19:08:22,107 - #5 ;
INFO  19:08:22,107 - #16 print
INFO  19:08:22,107 - #6 (
INFO  19:08:22,107 - #51 bodovi
INFO  19:08:22,107 - #7 )
INFO  19:08:22,107 - #5 ;
INFO  19:08:22,107 - #4 }
INFO  19:08:22,107 - #4 }
INFO  19:08:22,109 - =====================SINTAKSNO_STABLO=========================
INFO  19:08:22,113 - 
Program(
  ProgName(
   test301
  ) [ProgName]
  AllDeclars(
    AllDeclars(
      AllDeclars(
        AllDeclars(
          AllDeclars(
            AllDeclars(
              NoDeclarations(
              ) [NoDeclarations]
              ConstDeclars(
                ConstDeclarations(
                  Type(
                   int
                  ) [Type]
                  ConstDeclar(
                   nula
                    ConstDeclarNum(
                     0
                    ) [ConstDeclarNum]
                  ) [ConstDeclar]
                  NoConstDeclar(
                  ) [NoConstDeclar]
                ) [ConstDeclarations]
              ) [ConstDeclars]
            ) [AllDeclars]
            ConstDeclars(
              ConstDeclarations(
                Type(
                 int
                ) [Type]
                ConstDeclar(
                 jedan
                  ConstDeclarNum(
                   1
                  ) [ConstDeclarNum]
                ) [ConstDeclar]
                NoConstDeclar(
                ) [NoConstDeclar]
              ) [ConstDeclarations]
            ) [ConstDeclars]
          ) [AllDeclars]
          ConstDeclars(
            ConstDeclarations(
              Type(
               int
              ) [Type]
              ConstDeclar(
               tri
                ConstDeclarNum(
                 3
                ) [ConstDeclarNum]
              ) [ConstDeclar]
              NoConstDeclar(
              ) [NoConstDeclar]
            ) [ConstDeclarations]
          ) [ConstDeclars]
        ) [AllDeclars]
        ConstDeclars(
          ConstDeclarations(
            Type(
             int
            ) [Type]
            ConstDeclar(
             pet
              ConstDeclarNum(
               5
              ) [ConstDeclarNum]
            ) [ConstDeclar]
            NoConstDeclar(
            ) [NoConstDeclar]
          ) [ConstDeclarations]
        ) [ConstDeclars]
      ) [AllDeclars]
      VarDeclars(
        VarDeclarations(
          Type(
           int
          ) [Type]
          VarDeclarArr(
           niz
          ) [VarDeclarArr]
          NoVarDeclar(
          ) [NoVarDeclar]
        ) [VarDeclarations]
      ) [VarDeclars]
    ) [AllDeclars]
    VarDeclars(
      VarDeclarations(
        Type(
         char
        ) [Type]
        VarDeclarArr(
         nizch
        ) [VarDeclarArr]
        NoVarDeclar(
        ) [NoVarDeclar]
      ) [VarDeclarations]
    ) [VarDeclars]
  ) [AllDeclars]
  MethodDeclO(
    MethodDecl(
      MethodV(
       main
      ) [MethodV]
      MethodPars(
        NoFormParam(
        ) [NoFormParam]
        NoOptionArgs(
        ) [NoOptionArgs]
      ) [MethodPars]
      MethodVarDecl(
        MethodVarDecl(
          NoMethodVarDecl(
          ) [NoMethodVarDecl]
          VarDeclarations(
            Type(
             int
            ) [Type]
            VarDeclar(
             bodovi
            ) [VarDeclar]
            NoVarDeclar(
            ) [NoVarDeclar]
          ) [VarDeclarations]
        ) [MethodVarDecl]
        VarDeclarations(
          Type(
           bool
          ) [Type]
          VarDeclar(
           bt
          ) [VarDeclar]
          NoVarDeclar(
          ) [NoVarDeclar]
        ) [VarDeclarations]
      ) [MethodVarDecl]
      Statements(
        Statements(
          Statements(
            Statements(
              Statements(
                Statements(
                  Statements(
                    Statements(
                      Statements(
                        Statements(
                          Statements(
                            Statements(
                              Statements(
                                Statements(
                                  Statements(
                                    Statements(
                                      Statements(
                                        Statements(
                                          Statements(
                                            NoStmt(
                                            ) [NoStmt]
                                            MatchedStmt(
                                              DesStmt(
                                                DsgStmtEqual(
                                                  DesignatorI(
                                                   bodovi
                                                  ) [DesignatorI]
                                                  Assign(
                                                  ) [Assign]
                                                  ExprOne(
                                                    NormalExpression(
                                                      TermFact(
                                                        ConstNum(
                                                         0
                                                        ) [ConstNum]
                                                        NoMulopFactorCh(
                                                        ) [NoMulopFactorCh]
                                                      ) [TermFact]
                                                      NoAddopCh(
                                                      ) [NoAddopCh]
                                                    ) [NormalExpression]
                                                  ) [ExprOne]
                                                ) [DsgStmtEqual]
                                              ) [DesStmt]
                                            ) [MatchedStmt]
                                          ) [Statements]
                                          MatchedStmt(
                                            DesStmt(
                                              DsgStmtInc(
                                                DesignatorI(
                                                 bodovi
                                                ) [DesignatorI]
                                              ) [DsgStmtInc]
                                            ) [DesStmt]
                                          ) [MatchedStmt]
                                        ) [Statements]
                                        MatchedStmt(
                                          DesStmt(
                                            DsgStmtEqual(
                                              DesignatorI(
                                               bodovi
                                              ) [DesignatorI]
                                              Assign(
                                              ) [Assign]
                                              ExprOne(
                                                NormalExpression(
                                                  TermFact(
                                                    Var(
                                                      DesignatorI(
                                                       bodovi
                                                      ) [DesignatorI]
                                                    ) [Var]
                                                    MulopFactorCho(
                                                      NoMulopFactorCh(
                                                      ) [NoMulopFactorCh]
                                                      Mul(
                                                      ) [Mul]
                                                      Var(
                                                        DesignatorI(
                                                         pet
                                                        ) [DesignatorI]
                                                      ) [Var]
                                                    ) [MulopFactorCho]
                                                  ) [TermFact]
                                                  NoAddopCh(
                                                  ) [NoAddopCh]
                                                ) [NormalExpression]
                                              ) [ExprOne]
                                            ) [DsgStmtEqual]
                                          ) [DesStmt]
                                        ) [MatchedStmt]
                                      ) [Statements]
                                      MatchedStmt(
                                        DesStmt(
                                          DsgStmtDec(
                                            DesignatorI(
                                             bodovi
                                            ) [DesignatorI]
                                          ) [DsgStmtDec]
                                        ) [DesStmt]
                                      ) [MatchedStmt]
                                    ) [Statements]
                                    MatchedStmt(
                                      PrintStmt(
                                        ExprOne(
                                          NormalExpression(
                                            TermFact(
                                              Var(
                                                DesignatorI(
                                                 bodovi
                                                ) [DesignatorI]
                                              ) [Var]
                                              NoMulopFactorCh(
                                              ) [NoMulopFactorCh]
                                            ) [TermFact]
                                            NoAddopCh(
                                            ) [NoAddopCh]
                                          ) [NormalExpression]
                                        ) [ExprOne]
                                      ) [PrintStmt]
                                    ) [MatchedStmt]
                                  ) [Statements]
                                  MatchedStmt(
                                    DesStmt(
                                      DsgStmtEqual(
                                        DesignatorI(
                                         niz
                                        ) [DesignatorI]
                                        Assign(
                                        ) [Assign]
                                        ExprOne(
                                          NormalExpression(
                                            TermFact(
                                              NewTypeArr(
                                                Type(
                                                 int
                                                ) [Type]
                                                ExprOne(
                                                  NormalExpression(
                                                    TermFact(
                                                      ConstNum(
                                                       3
                                                      ) [ConstNum]
                                                      NoMulopFactorCh(
                                                      ) [NoMulopFactorCh]
                                                    ) [TermFact]
                                                    NoAddopCh(
                                                    ) [NoAddopCh]
                                                  ) [NormalExpression]
                                                ) [ExprOne]
                                              ) [NewTypeArr]
                                              NoMulopFactorCh(
                                              ) [NoMulopFactorCh]
                                            ) [TermFact]
                                            NoAddopCh(
                                            ) [NoAddopCh]
                                          ) [NormalExpression]
                                        ) [ExprOne]
                                      ) [DsgStmtEqual]
                                    ) [DesStmt]
                                  ) [MatchedStmt]
                                ) [Statements]
                                MatchedStmt(
                                  DesStmt(
                                    DsgStmtEqual(
                                      DesignatorEx(
                                       niz
                                        ExprOne(
                                          NormalExpression(
                                            TermFact(
                                              Var(
                                                DesignatorI(
                                                 nula
                                                ) [DesignatorI]
                                              ) [Var]
                                              NoMulopFactorCh(
                                              ) [NoMulopFactorCh]
                                            ) [TermFact]
                                            NoAddopCh(
                                            ) [NoAddopCh]
                                          ) [NormalExpression]
                                        ) [ExprOne]
                                      ) [DesignatorEx]
                                      Assign(
                                      ) [Assign]
                                      ExprOne(
                                        NormalExpression(
                                          TermFact(
                                            Var(
                                              DesignatorI(
                                               jedan
                                              ) [DesignatorI]
                                            ) [Var]
                                            NoMulopFactorCh(
                                            ) [NoMulopFactorCh]
                                          ) [TermFact]
                                          NoAddopCh(
                                          ) [NoAddopCh]
                                        ) [NormalExpression]
                                      ) [ExprOne]
                                    ) [DsgStmtEqual]
                                  ) [DesStmt]
                                ) [MatchedStmt]
                              ) [Statements]
                              MatchedStmt(
                                DesStmt(
                                  DsgStmtEqual(
                                    DesignatorEx(
                                     niz
                                      ExprOne(
                                        NormalExpression(
                                          TermFact(
                                            ConstNum(
                                             1
                                            ) [ConstNum]
                                            NoMulopFactorCh(
                                            ) [NoMulopFactorCh]
                                          ) [TermFact]
                                          NoAddopCh(
                                          ) [NoAddopCh]
                                        ) [NormalExpression]
                                      ) [ExprOne]
                                    ) [DesignatorEx]
                                    Assign(
                                    ) [Assign]
                                    ExprOne(
                                      NormalExpression(
                                        TermFact(
                                          ConstNum(
                                           2
                                          ) [ConstNum]
                                          NoMulopFactorCh(
                                          ) [NoMulopFactorCh]
                                        ) [TermFact]
                                        NoAddopCh(
                                        ) [NoAddopCh]
                                      ) [NormalExpression]
                                    ) [ExprOne]
                                  ) [DsgStmtEqual]
                                ) [DesStmt]
                              ) [MatchedStmt]
                            ) [Statements]
                            MatchedStmt(
                              DesStmt(
                                DsgStmtEqual(
                                  DesignatorI(
                                   bodovi
                                  ) [DesignatorI]
                                  Assign(
                                  ) [Assign]
                                  ExprOne(
                                    NormalExpression(
                                      TermFact(
                                        Var(
                                          DesignatorEx(
                                           niz
                                            ExprOne(
                                              NormalExpression(
                                                TermFact(
                                                  ConstNum(
                                                   2
                                                  ) [ConstNum]
                                                  NoMulopFactorCh(
                                                  ) [NoMulopFactorCh]
                                                ) [TermFact]
                                                NoAddopCh(
                                                ) [NoAddopCh]
                                              ) [NormalExpression]
                                            ) [ExprOne]
                                          ) [DesignatorEx]
                                        ) [Var]
                                        MulopFactorCho(
                                          NoMulopFactorCh(
                                          ) [NoMulopFactorCh]
                                          Div(
                                          ) [Div]
                                          Var(
                                            DesignatorEx(
                                             niz
                                              ExprOne(
                                                NormalExpression(
                                                  TermFact(
                                                    ConstNum(
                                                     0
                                                    ) [ConstNum]
                                                    NoMulopFactorCh(
                                                    ) [NoMulopFactorCh]
                                                  ) [TermFact]
                                                  NoAddopCh(
                                                  ) [NoAddopCh]
                                                ) [NormalExpression]
                                              ) [ExprOne]
                                            ) [DesignatorEx]
                                          ) [Var]
                                        ) [MulopFactorCho]
                                      ) [TermFact]
                                      NoAddopCh(
                                      ) [NoAddopCh]
                                    ) [NormalExpression]
                                  ) [ExprOne]
                                ) [DsgStmtEqual]
                              ) [DesStmt]
                            ) [MatchedStmt]
                          ) [Statements]
                          MatchedStmt(
                            PrintStmt(
                              ExprOne(
                                NormalExpression(
                                  TermFact(
                                    Var(
                                      DesignatorI(
                                       bodovi
                                      ) [DesignatorI]
                                    ) [Var]
                                    NoMulopFactorCh(
                                    ) [NoMulopFactorCh]
                                  ) [TermFact]
                                  NoAddopCh(
                                  ) [NoAddopCh]
                                ) [NormalExpression]
                              ) [ExprOne]
                            ) [PrintStmt]
                          ) [MatchedStmt]
                        ) [Statements]
                        MatchedStmt(
                          PrintStmt(
                            ExprOne(
                              NormalExpression(
                                TermFact(
                                  Var(
                                    DesignatorEx(
                                     niz
                                      ExprOne(
                                        NormalExpression(
                                          TermFact(
                                            ConstNum(
                                             2
                                            ) [ConstNum]
                                            NoMulopFactorCh(
                                            ) [NoMulopFactorCh]
                                          ) [TermFact]
                                          NoAddopCh(
                                          ) [NoAddopCh]
                                        ) [NormalExpression]
                                      ) [ExprOne]
                                    ) [DesignatorEx]
                                  ) [Var]
                                  NoMulopFactorCh(
                                  ) [NoMulopFactorCh]
                                ) [TermFact]
                                NoAddopCh(
                                ) [NoAddopCh]
                              ) [NormalExpression]
                            ) [ExprOne]
                          ) [PrintStmt]
                        ) [MatchedStmt]
                      ) [Statements]
                      MatchedStmt(
                        DesStmt(
                          DsgStmtEqual(
                            DesignatorI(
                             nizch
                            ) [DesignatorI]
                            Assign(
                            ) [Assign]
                            ExprOne(
                              NormalExpression(
                                TermFact(
                                  NewTypeArr(
                                    Type(
                                     char
                                    ) [Type]
                                    ExprOne(
                                      NormalExpression(
                                        TermFact(
                                          ConstNum(
                                           3
                                          ) [ConstNum]
                                          NoMulopFactorCh(
                                          ) [NoMulopFactorCh]
                                        ) [TermFact]
                                        NoAddopCh(
                                        ) [NoAddopCh]
                                      ) [NormalExpression]
                                    ) [ExprOne]
                                  ) [NewTypeArr]
                                  NoMulopFactorCh(
                                  ) [NoMulopFactorCh]
                                ) [TermFact]
                                NoAddopCh(
                                ) [NoAddopCh]
                              ) [NormalExpression]
                            ) [ExprOne]
                          ) [DsgStmtEqual]
                        ) [DesStmt]
                      ) [MatchedStmt]
                    ) [Statements]
                    MatchedStmt(
                      DesStmt(
                        DsgStmtEqual(
                          DesignatorEx(
                           nizch
                            ExprOne(
                              NormalExpression(
                                TermFact(
                                  ConstNum(
                                   0
                                  ) [ConstNum]
                                  NoMulopFactorCh(
                                  ) [NoMulopFactorCh]
                                ) [TermFact]
                                NoAddopCh(
                                ) [NoAddopCh]
                              ) [NormalExpression]
                            ) [ExprOne]
                          ) [DesignatorEx]
                          Assign(
                          ) [Assign]
                          ExprOne(
                            NormalExpression(
                              TermFact(
                                ConstChar(
                                 a
                                ) [ConstChar]
                                NoMulopFactorCh(
                                ) [NoMulopFactorCh]
                              ) [TermFact]
                              NoAddopCh(
                              ) [NoAddopCh]
                            ) [NormalExpression]
                          ) [ExprOne]
                        ) [DsgStmtEqual]
                      ) [DesStmt]
                    ) [MatchedStmt]
                  ) [Statements]
                  MatchedStmt(
                    DesStmt(
                      DsgStmtEqual(
                        DesignatorEx(
                         nizch
                          ExprOne(
                            NormalExpression(
                              TermFact(
                                Var(
                                  DesignatorI(
                                   jedan
                                  ) [DesignatorI]
                                ) [Var]
                                NoMulopFactorCh(
                                ) [NoMulopFactorCh]
                              ) [TermFact]
                              NoAddopCh(
                              ) [NoAddopCh]
                            ) [NormalExpression]
                          ) [ExprOne]
                        ) [DesignatorEx]
                        Assign(
                        ) [Assign]
                        ExprOne(
                          NormalExpression(
                            TermFact(
                              ConstChar(
                               b
                              ) [ConstChar]
                              NoMulopFactorCh(
                              ) [NoMulopFactorCh]
                            ) [TermFact]
                            NoAddopCh(
                            ) [NoAddopCh]
                          ) [NormalExpression]
                        ) [ExprOne]
                      ) [DsgStmtEqual]
                    ) [DesStmt]
                  ) [MatchedStmt]
                ) [Statements]
                MatchedStmt(
                  DesStmt(
                    DsgStmtEqual(
                      DesignatorEx(
                       nizch
                        ExprOne(
                          NormalExpression(
                            TermFact(
                              Var(
                                DesignatorI(
                                 pet
                                ) [DesignatorI]
                              ) [Var]
                              NoMulopFactorCh(
                              ) [NoMulopFactorCh]
                            ) [TermFact]
                            AddopCho(
                              NoAddopCh(
                              ) [NoAddopCh]
                              Minus(
                              ) [Minus]
                              TermFact(
                                ConstNum(
                                 3
                                ) [ConstNum]
                                NoMulopFactorCh(
                                ) [NoMulopFactorCh]
                              ) [TermFact]
                            ) [AddopCho]
                          ) [NormalExpression]
                        ) [ExprOne]
                      ) [DesignatorEx]
                      Assign(
                      ) [Assign]
                      ExprOne(
                        NormalExpression(
                          TermFact(
                            ConstChar(
                             c
                            ) [ConstChar]
                            NoMulopFactorCh(
                            ) [NoMulopFactorCh]
                          ) [TermFact]
                          NoAddopCh(
                          ) [NoAddopCh]
                        ) [NormalExpression]
                      ) [ExprOne]
                    ) [DsgStmtEqual]
                  ) [DesStmt]
                ) [MatchedStmt]
              ) [Statements]
              MatchedStmt(
                PrintStmt(
                  ExprOne(
                    NormalExpression(
                      TermFact(
                        Var(
                          DesignatorEx(
                           nizch
                            ExprOne(
                              NormalExpression(
                                TermFact(
                                  ConstNum(
                                   1
                                  ) [ConstNum]
                                  NoMulopFactorCh(
                                  ) [NoMulopFactorCh]
                                ) [TermFact]
                                NoAddopCh(
                                ) [NoAddopCh]
                              ) [NormalExpression]
                            ) [ExprOne]
                          ) [DesignatorEx]
                        ) [Var]
                        NoMulopFactorCh(
                        ) [NoMulopFactorCh]
                      ) [TermFact]
                      NoAddopCh(
                      ) [NoAddopCh]
                    ) [NormalExpression]
                  ) [ExprOne]
                ) [PrintStmt]
              ) [MatchedStmt]
            ) [Statements]
            MatchedStmt(
              PrintStmt(
                ExprOne(
                  NormalExpression(
                    TermFact(
                      Var(
                        DesignatorEx(
                         nizch
                          ExprOne(
                            NormalExpression(
                              TermFact(
                                Var(
                                  DesignatorI(
                                   jedan
                                  ) [DesignatorI]
                                ) [Var]
                                MulopFactorCho(
                                  NoMulopFactorCh(
                                  ) [NoMulopFactorCh]
                                  Mul(
                                  ) [Mul]
                                  ConstNum(
                                   2
                                  ) [ConstNum]
                                ) [MulopFactorCho]
                              ) [TermFact]
                              NoAddopCh(
                              ) [NoAddopCh]
                            ) [NormalExpression]
                          ) [ExprOne]
                        ) [DesignatorEx]
                      ) [Var]
                      NoMulopFactorCh(
                      ) [NoMulopFactorCh]
                    ) [TermFact]
                    NoAddopCh(
                    ) [NoAddopCh]
                  ) [NormalExpression]
                ) [ExprOne]
              ) [PrintStmt]
            ) [MatchedStmt]
          ) [Statements]
          MatchedStmt(
            DesStmt(
              DsgStmtEqual(
                DesignatorI(
                 bodovi
                ) [DesignatorI]
                Assign(
                ) [Assign]
                ExprOne(
                  NormalExpression(
                    TermFact(
                      Var(
                        DesignatorI(
                         bodovi
                        ) [DesignatorI]
                      ) [Var]
                      NoMulopFactorCh(
                      ) [NoMulopFactorCh]
                    ) [TermFact]
                    AddopCho(
                      AddopCho(
                        NoAddopCh(
                        ) [NoAddopCh]
                        Plus(
                        ) [Plus]
                        TermFact(
                          ParenExpr(
                            ExprOne(
                              NormalExpression(
                                TermFact(
                                  Var(
                                    DesignatorI(
                                     pet
                                    ) [DesignatorI]
                                  ) [Var]
                                  MulopFactorCho(
                                    NoMulopFactorCh(
                                    ) [NoMulopFactorCh]
                                    Mul(
                                    ) [Mul]
                                    Var(
                                      DesignatorI(
                                       jedan
                                      ) [DesignatorI]
                                    ) [Var]
                                  ) [MulopFactorCho]
                                ) [TermFact]
                                AddopCho(
                                  NoAddopCh(
                                  ) [NoAddopCh]
                                  Minus(
                                  ) [Minus]
                                  TermFact(
                                    ConstNum(
                                     1
                                    ) [ConstNum]
                                    NoMulopFactorCh(
                                    ) [NoMulopFactorCh]
                                  ) [TermFact]
                                ) [AddopCho]
                              ) [NormalExpression]
                            ) [ExprOne]
                          ) [ParenExpr]
                          MulopFactorCho(
                            NoMulopFactorCh(
                            ) [NoMulopFactorCh]
                            Mul(
                            ) [Mul]
                            Var(
                              DesignatorI(
                               bodovi
                              ) [DesignatorI]
                            ) [Var]
                          ) [MulopFactorCho]
                        ) [TermFact]
                      ) [AddopCho]
                      Minus(
                      ) [Minus]
                      TermFact(
                        ParenExpr(
                          ExprOne(
                            NormalExpression(
                              TermFact(
                                ConstNum(
                                 3
                                ) [ConstNum]
                                MulopFactorCho(
                                  NoMulopFactorCh(
                                  ) [NoMulopFactorCh]
                                  Mod(
                                  ) [Mod]
                                  ConstNum(
                                   2
                                  ) [ConstNum]
                                ) [MulopFactorCho]
                              ) [TermFact]
                              AddopCho(
                                AddopCho(
                                  NoAddopCh(
                                  ) [NoAddopCh]
                                  Plus(
                                  ) [Plus]
                                  TermFact(
                                    ConstNum(
                                     3
                                    ) [ConstNum]
                                    MulopFactorCho(
                                      NoMulopFactorCh(
                                      ) [NoMulopFactorCh]
                                      Mul(
                                      ) [Mul]
                                      ConstNum(
                                       2
                                      ) [ConstNum]
                                    ) [MulopFactorCho]
                                  ) [TermFact]
                                ) [AddopCho]
                                Minus(
                                ) [Minus]
                                TermFact(
                                  ConstNum(
                                   3
                                  ) [ConstNum]
                                  NoMulopFactorCh(
                                  ) [NoMulopFactorCh]
                                ) [TermFact]
                              ) [AddopCho]
                            ) [NormalExpression]
                          ) [ExprOne]
                        ) [ParenExpr]
                        NoMulopFactorCh(
                        ) [NoMulopFactorCh]
                      ) [TermFact]
                    ) [AddopCho]
                  ) [NormalExpression]
                ) [ExprOne]
              ) [DsgStmtEqual]
            ) [DesStmt]
          ) [MatchedStmt]
        ) [Statements]
        MatchedStmt(
          PrintStmt(
            ExprOne(
              NormalExpression(
                TermFact(
                  Var(
                    DesignatorI(
                     bodovi
                    ) [DesignatorI]
                  ) [Var]
                  NoMulopFactorCh(
                  ) [NoMulopFactorCh]
                ) [TermFact]
                NoAddopCh(
                ) [NoAddopCh]
              ) [NormalExpression]
            ) [ExprOne]
          ) [PrintStmt]
        ) [MatchedStmt]
      ) [Statements]
    ) [MethodDecl]
  ) [MethodDeclO]
) [Program]
INFO  19:08:22,117 - 

================SEMANTICKA OBRADA====================

INFO  19:08:22,127 - Deklarisana konstanta nula Con nula: int, 0, 0  na liniji 5
INFO  19:08:22,127 - Deklarisana konstanta jedan Con jedan: int, 0, 0  na liniji 6
INFO  19:08:22,127 - Deklarisana konstanta tri Con tri: int, 0, 0  na liniji 7
INFO  19:08:22,127 - Deklarisana konstanta pet Con pet: int, 0, 0  na liniji 8
INFO  19:08:22,127 - Deklarisan globalni niz niz Var niz: Arr of int, 0, 0  na liniji 10
INFO  19:08:22,127 - Deklarisan globalni niz nizch Var nizch: Arr of char, 1, 0  na liniji 11
INFO  19:08:22,127 - Obrada metode main bez povratne vrednosti na liniji 14
INFO  19:08:22,128 - Deklarisana lokalna promenljiva bodovi Var bodovi: int, 0, 1  na liniji 15
INFO  19:08:22,128 - Deklarisana lokalna promenljiva bt Var bt: bool, 1, 1  na liniji 16
INFO  19:08:22,128 - Upotreba (bodovi) : Var bodovi: int, 0, 1  na liniji 18
INFO  19:08:22,128 - Upotreba (bodovi) : Var bodovi: int, 0, 1  na liniji 19
INFO  19:08:22,128 - Upotreba (bodovi) : Var bodovi: int, 0, 1  na liniji 20
INFO  19:08:22,128 - Upotreba (bodovi) : Var bodovi: int, 0, 1  na liniji 20
INFO  19:08:22,128 - Upotreba (pet) : Con pet: int, 5, 0  na liniji 20
INFO  19:08:22,128 - Upotreba (bodovi) : Var bodovi: int, 0, 1  na liniji 21
INFO  19:08:22,128 - Upotreba (bodovi) : Var bodovi: int, 0, 1  na liniji 22
INFO  19:08:22,128 - Upotreba (niz) : Var niz: Arr of int, 0, 0  na liniji 25
INFO  19:08:22,129 - Upotreba (nula) : Con nula: int, 0, 0  na liniji 26
INFO  19:08:22,129 - Upotreba (niz) : Var niz: Arr of int, 0, 0  na liniji 26
INFO  19:08:22,129 - Upotreba (jedan) : Con jedan: int, 1, 0  na liniji 26
INFO  19:08:22,129 - Upotreba (niz) : Var niz: Arr of int, 0, 0  na liniji 27
INFO  19:08:22,129 - Upotreba (bodovi) : Var bodovi: int, 0, 1  na liniji 28
INFO  19:08:22,129 - Upotreba (niz) : Var niz: Arr of int, 0, 0  na liniji 28
INFO  19:08:22,129 - Upotreba (niz) : Var niz: Arr of int, 0, 0  na liniji 28
INFO  19:08:22,129 - Upotreba (bodovi) : Var bodovi: int, 0, 1  na liniji 29
INFO  19:08:22,129 - Upotreba (niz) : Var niz: Arr of int, 0, 0  na liniji 30
INFO  19:08:22,129 - Upotreba (nizch) : Var nizch: Arr of char, 1, 0  na liniji 33
INFO  19:08:22,129 - Upotreba (nizch) : Var nizch: Arr of char, 1, 0  na liniji 34
INFO  19:08:22,129 - Upotreba (jedan) : Con jedan: int, 1, 0  na liniji 35
INFO  19:08:22,130 - Upotreba (nizch) : Var nizch: Arr of char, 1, 0  na liniji 35
INFO  19:08:22,130 - Upotreba (pet) : Con pet: int, 5, 0  na liniji 36
INFO  19:08:22,130 - Upotreba (nizch) : Var nizch: Arr of char, 1, 0  na liniji 36
INFO  19:08:22,130 - Upotreba (nizch) : Var nizch: Arr of char, 1, 0  na liniji 37
INFO  19:08:22,130 - Upotreba (jedan) : Con jedan: int, 1, 0  na liniji 38
INFO  19:08:22,130 - Upotreba (nizch) : Var nizch: Arr of char, 1, 0  na liniji 38
INFO  19:08:22,130 - Upotreba (bodovi) : Var bodovi: int, 0, 1  na liniji 41
INFO  19:08:22,130 - Upotreba (bodovi) : Var bodovi: int, 0, 1  na liniji 41
INFO  19:08:22,131 - Upotreba (pet) : Con pet: int, 5, 0  na liniji 41
INFO  19:08:22,131 - Upotreba (jedan) : Con jedan: int, 1, 0  na liniji 41
INFO  19:08:22,131 - Upotreba (bodovi) : Var bodovi: int, 0, 1  na liniji 41
INFO  19:08:22,131 - Upotreba (bodovi) : Var bodovi: int, 0, 1  na liniji 42
INFO  19:08:22,131 - Zavrsetak obrade metode main na liniji 14
INFO  19:08:22,131 - Sintaksna i semanticka analiza uspesno zavrsena!
INFO  19:08:22,141 - Parsiranje uspesno zavrseno!
